
2016-09-08 10:28:13...installerHook: Could not find custom/install/install_hooks.php
2016-09-08 10:30:09...installerHook: Could not find custom/install/install_hooks.php
2016-09-08 10:30:13...Begin System Check Process *************
2016-09-08 10:30:13...XML Parsing Support Found
2016-09-08 10:30:13...MBString Support Found
2016-09-08 10:30:13...ERROR:: ZIP support not found: SugarCRM needs ZIP support in order to process compressed files.
2016-09-08 10:30:13.../custom directory and subdirectory check passed
2016-09-08 10:30:13...cache directory and subdirectory check passed
2016-09-08 10:30:13.../module  directory and subdirectory check passed
2016-09-08 10:30:13.../upload directory check passed
2016-09-08 10:30:13...ERROR: Zip support not found.
2016-09-08 10:30:13...PCRE version check passed
2016-09-08 10:30:13...installerHook: Could not find custom/install/install_hooks.php
2016-09-08 10:30:13...php.ini location found. /etc/php/7.0/apache2/php.ini
2016-09-08 10:30:13...Outputting HTML for System check
2016-09-08 10:30:13...Errors were found *************
2016-09-08 10:36:20...Begin System Check Process *************
2016-09-08 10:36:20...XML Parsing Support Found
2016-09-08 10:36:20...MBString Support Found
2016-09-08 10:36:20...ERROR:: ZIP support not found: SugarCRM needs ZIP support in order to process compressed files.
2016-09-08 10:36:20.../custom directory and subdirectory check passed
2016-09-08 10:36:20...cache directory and subdirectory check passed
2016-09-08 10:36:20.../module  directory and subdirectory check passed
2016-09-08 10:36:20.../upload directory check passed
2016-09-08 10:36:20...ERROR: Zip support not found.
2016-09-08 10:36:20...PCRE version check passed
2016-09-08 10:36:20...installerHook: Could not find custom/install/install_hooks.php
2016-09-08 10:36:20...php.ini location found. /etc/php/7.0/apache2/php.ini
2016-09-08 10:36:20...Outputting HTML for System check
2016-09-08 10:36:20...Errors were found *************
2016-09-08 10:36:22...Begin System Check Process *************
2016-09-08 10:36:22...XML Parsing Support Found
2016-09-08 10:36:22...MBString Support Found
2016-09-08 10:36:22...ERROR:: ZIP support not found: SugarCRM needs ZIP support in order to process compressed files.
2016-09-08 10:36:22.../custom directory and subdirectory check passed
2016-09-08 10:36:22...cache directory and subdirectory check passed
2016-09-08 10:36:22.../module  directory and subdirectory check passed
2016-09-08 10:36:22.../upload directory check passed
2016-09-08 10:36:22...ERROR: Zip support not found.
2016-09-08 10:36:22...PCRE version check passed
2016-09-08 10:36:22...installerHook: Could not find custom/install/install_hooks.php
2016-09-08 10:36:22...php.ini location found. /etc/php/7.0/apache2/php.ini
2016-09-08 10:36:22...Outputting HTML for System check
2016-09-08 10:36:22...Errors were found *************
2016-09-08 10:38:52...Begin System Check Process *************
2016-09-08 10:38:52...XML Parsing Support Found
2016-09-08 10:38:52...MBString Support Found
2016-09-08 10:38:52...ZIP Support Found
2016-09-08 10:38:52.../custom directory and subdirectory check passed
2016-09-08 10:38:52...cache directory and subdirectory check passed
2016-09-08 10:38:53.../module  directory and subdirectory check passed
2016-09-08 10:38:53.../upload directory check passed
2016-09-08 10:38:53.../zip check passed
2016-09-08 10:38:53...PCRE version check passed
2016-09-08 10:38:53...installerHook: Could not find custom/install/install_hooks.php
2016-09-08 10:38:53...php.ini location found. /etc/php/7.0/apache2/php.ini
2016-09-08 10:38:53...Outputting HTML for System check
2016-09-08 10:38:53...No Errors were found *************
2016-09-08 10:38:55...installerHook: Could not find custom/install/install_hooks.php
2016-09-08 10:39:22...installerHook: Could not find custom/install/install_hooks.php
2016-09-08 10:39:26...installerHook: Could not find custom/install/install_hooks.php
2016-09-08 10:40:33...Begin DB Check Process *************
2016-09-08 10:40:33...testing with mysql:mysqli
2016-09-08 10:40:33...Basic form info is valid, continuing Process.
2016-09-08 10:40:33...Testing user account...
2016-09-08 10:40:36...Connection made using  host: localhost, usr: root
2016-09-08 10:40:36...Testing priviliged account...
2016-09-08 10:40:36...Connection made using  host: localhost, usr: root
2016-09-08 10:40:37...DB not selected, will create sugarcrm
2016-09-08 10:40:37...Passed DB install check
2016-09-08 10:40:37...SUCCESS:: no errors detected!
2016-09-08 10:40:37...End DB Check Process *************
2016-09-08 10:40:37...installerHook: Could not find custom/install/install_hooks.php
2016-09-08 10:41:40...installerHook: Could not find custom/install/install_hooks.php
2016-09-08 10:42:26...installerHook: Could not find custom/install/install_hooks.php
2016-09-08 10:42:58...installerHook: Could not find custom/install/install_hooks.php
2016-09-08 10:42:58...calling handleSugarConfig()
2016-09-08 10:42:58...calling handleLog4Php()
2016-09-08 10:42:58...calling handleHtaccess()
2016-09-08 10:42:58...calling handleDbCreateDatabase()
2016-09-08 10:43:00...looping through all the Beans and create their tables
2016-09-08 10:43:00...processing table acl_actions
2016-09-08 10:43:04...creating table acl_actions
2016-09-08 10:43:04...creating Relationship Meta for ACLAction
2016-09-08 10:43:04...processing table acl_roles
2016-09-08 10:43:05...creating table acl_roles
2016-09-08 10:43:05...creating Relationship Meta for ACLRole
2016-09-08 10:43:05...processing table relationships
2016-09-08 10:43:06...creating table relationships
2016-09-08 10:43:06...creating Relationship Meta for Relationship
2016-09-08 10:43:06...processing table leads
2016-09-08 10:43:08...creating table leads
2016-09-08 10:43:08...creating Relationship Meta for Lead
2016-09-08 10:43:09...processing table cases
2016-09-08 10:43:10...creating table cases
2016-09-08 10:43:10...creating Relationship Meta for Case
2016-09-08 10:43:11...processing table bugs
2016-09-08 10:43:11...creating table bugs
2016-09-08 10:43:11...creating Relationship Meta for Bug
2016-09-08 10:43:12...processing table users
2016-09-08 10:43:12...creating table users
2016-09-08 10:43:12...creating Relationship Meta for User
2016-09-08 10:43:12...processing table campaign_log
2016-09-08 10:43:12...creating table campaign_log
2016-09-08 10:43:12...creating Relationship Meta for CampaignLog
2016-09-08 10:43:13...processing table project
2016-09-08 10:43:13...creating table project
2016-09-08 10:43:13...creating Relationship Meta for Project
2016-09-08 10:43:13...processing table project_task
2016-09-08 10:43:14...creating table project_task
2016-09-08 10:43:14...creating Relationship Meta for ProjectTask
2016-09-08 10:43:14...processing table campaigns
2016-09-08 10:43:15...creating table campaigns
2016-09-08 10:43:15...creating Relationship Meta for Campaign
2016-09-08 10:43:15...processing table prospect_lists
2016-09-08 10:43:16...creating table prospect_lists
2016-09-08 10:43:16...creating Relationship Meta for ProspectList
2016-09-08 10:43:16...processing table prospects
2016-09-08 10:43:16...creating table prospects
2016-09-08 10:43:16...creating Relationship Meta for Prospect
2016-09-08 10:43:16...processing table email_marketing
2016-09-08 10:43:17...creating table email_marketing
2016-09-08 10:43:17...creating Relationship Meta for EmailMarketing
2016-09-08 10:43:17...processing table campaign_trkrs
2016-09-08 10:43:17...creating table campaign_trkrs
2016-09-08 10:43:17...creating Relationship Meta for CampaignTracker
2016-09-08 10:43:17...processing table releases
2016-09-08 10:43:17...creating table releases
2016-09-08 10:43:17...creating Relationship Meta for Release
2016-09-08 10:43:17...processing table emailman
2016-09-08 10:43:17...creating table emailman
2016-09-08 10:43:17...creating Relationship Meta for EmailMan
2016-09-08 10:43:18...processing table schedulers
2016-09-08 10:43:18...creating table schedulers
2016-09-08 10:43:18...creating Relationship Meta for Scheduler
2016-09-08 10:43:18...processing table job_queue
2016-09-08 10:43:18...creating table job_queue
2016-09-08 10:43:18...creating Relationship Meta for SchedulersJob
2016-09-08 10:43:18...processing table contacts
2016-09-08 10:43:19...creating table contacts
2016-09-08 10:43:19...creating Relationship Meta for Contact
2016-09-08 10:43:19...processing table accounts
2016-09-08 10:43:20...creating table accounts
2016-09-08 10:43:20...creating Relationship Meta for Account
2016-09-08 10:43:20...processing table opportunities
2016-09-08 10:43:20...creating table opportunities
2016-09-08 10:43:20...creating Relationship Meta for Opportunity
2016-09-08 10:43:21...processing table email_templates
2016-09-08 10:43:21...creating table email_templates
2016-09-08 10:43:21...creating Relationship Meta for EmailTemplate
2016-09-08 10:43:21...processing table notes
2016-09-08 10:43:21...creating table notes
2016-09-08 10:43:21...creating Relationship Meta for Note
2016-09-08 10:43:21...processing table calls
2016-09-08 10:43:22...creating table calls
2016-09-08 10:43:22...creating Relationship Meta for Call
2016-09-08 10:43:22...processing table emails
2016-09-08 10:43:22...creating table emails
2016-09-08 10:43:22...creating Relationship Meta for Email
2016-09-08 10:43:22...processing table meetings
2016-09-08 10:43:22...creating table meetings
2016-09-08 10:43:22...creating Relationship Meta for Meeting
2016-09-08 10:43:22...processing table tasks
2016-09-08 10:43:23...creating table tasks
2016-09-08 10:43:23...creating Relationship Meta for Task
2016-09-08 10:43:23...processing table users
2016-09-08 10:43:23...processing table users
2016-09-08 10:43:23...processing table currencies
2016-09-08 10:43:23...creating table currencies
2016-09-08 10:43:23...creating Relationship Meta for Currency
2016-09-08 10:43:23...processing table tracker
2016-09-08 10:43:23...creating table tracker
2016-09-08 10:43:23...creating Relationship Meta for Tracker
2016-09-08 10:43:23...processing table import_maps
2016-09-08 10:43:24...creating table import_maps
2016-09-08 10:43:24...creating Relationship Meta for ImportMap
2016-09-08 10:43:24...processing table users_last_import
2016-09-08 10:43:24...creating table users_last_import
2016-09-08 10:43:24...creating Relationship Meta for UsersLastImport
2016-09-08 10:43:24...processing table config
2016-09-08 10:43:24...creating table config
2016-09-08 10:43:24...creating Relationship Meta for Administration
2016-09-08 10:43:24...processing table upgrade_history
2016-09-08 10:43:24...creating table upgrade_history
2016-09-08 10:43:24...creating Relationship Meta for UpgradeHistory
2016-09-08 10:43:24...processing table vcals
2016-09-08 10:43:24...creating table vcals
2016-09-08 10:43:24...creating Relationship Meta for vCal
2016-09-08 10:43:24...processing table versions
2016-09-08 10:43:24...creating table versions
2016-09-08 10:43:24...creating Relationship Meta for Version
2016-09-08 10:43:24...processing table roles
2016-09-08 10:43:25...creating table roles
2016-09-08 10:43:25...creating Relationship Meta for Role
2016-09-08 10:43:25...processing table documents
2016-09-08 10:43:25...creating table documents
2016-09-08 10:43:25...creating Relationship Meta for Document
2016-09-08 10:43:25...processing table document_revisions
2016-09-08 10:43:25...creating table document_revisions
2016-09-08 10:43:25...creating Relationship Meta for DocumentRevision
2016-09-08 10:43:25...processing table fields_meta_data
2016-09-08 10:43:26...creating table fields_meta_data
2016-09-08 10:43:26...creating Relationship Meta for FieldsMetaData
2016-09-08 10:43:26...processing table inbound_email
2016-09-08 10:43:26...creating table inbound_email
2016-09-08 10:43:26...creating Relationship Meta for InboundEmail
2016-09-08 10:43:26...processing table saved_search
2016-09-08 10:43:26...creating table saved_search
2016-09-08 10:43:26...creating Relationship Meta for SavedSearch
2016-09-08 10:43:26...processing table user_preferences
2016-09-08 10:43:26...creating table user_preferences
2016-09-08 10:43:26...creating Relationship Meta for UserPreference
2016-09-08 10:43:26...processing table 
2016-09-08 10:43:26...processing table email_addresses
2016-09-08 10:43:27...creating table email_addresses
2016-09-08 10:43:27...creating Relationship Meta for EmailAddress
2016-09-08 10:43:27...processing table emails_text
2016-09-08 10:43:27...creating table emails_text
2016-09-08 10:43:27...creating Relationship Meta for EmailText
2016-09-08 10:43:27...processing table sugarfeed
2016-09-08 10:43:27...creating table sugarfeed
2016-09-08 10:43:27...creating Relationship Meta for SugarFeed
2016-09-08 10:43:27...processing table eapm
2016-09-08 10:43:27...creating table eapm
2016-09-08 10:43:27...creating Relationship Meta for EAPM
2016-09-08 10:43:27...processing table oauth_consumer
2016-09-08 10:43:27...creating table oauth_consumer
2016-09-08 10:43:27...creating Relationship Meta for OAuthKey
2016-09-08 10:43:27...processing table oauth_tokens
2016-09-08 10:43:28...creating table oauth_tokens
2016-09-08 10:43:28...creating Relationship Meta for OAuthToken
2016-09-08 10:43:45...Begin creating Defaults
2016-09-08 10:43:45...insert defaults into config table
2016-09-08 10:43:45...Creating default users
2016-09-08 10:43:45...Creating default scheduler jobs
2016-09-08 10:43:45...Enable SugarFeeds
2016-09-08 10:43:46...Enable InsideView Connector
2016-09-08 10:43:46...Creating FTS logic hook
2016-09-08 10:43:46...populating the db with seed data
2016-09-08 10:44:37...Installation has completed *********
2016-09-08 10:45:59...installerHook: Could not find custom/install/install_hooks.php
2016-09-08 10:46:32...installerHook: Could not find custom/install/install_hooks.php